mode: set
github.com/dneto/sai-scout/commands/deck.go:20.62,36.2 1 1
github.com/dneto/sai-scout/commands/deck.go:38.145,39.108 1 1
github.com/dneto/sai-scout/commands/deck.go:39.108,45.17 4 1
github.com/dneto/sai-scout/commands/deck.go:49.3,59.36 4 1
github.com/dneto/sai-scout/commands/deck.go:87.3,107.34 2 1
github.com/dneto/sai-scout/commands/deck.go:115.3,118.9 1 1
github.com/dneto/sai-scout/commands/deck.go:45.17,47.4 1 1
github.com/dneto/sai-scout/commands/deck.go:59.36,60.32 1 1
github.com/dneto/sai-scout/commands/deck.go:64.4,64.74 1 1
github.com/dneto/sai-scout/commands/deck.go:68.4,76.29 3 1
github.com/dneto/sai-scout/commands/deck.go:60.32,61.13 1 1
github.com/dneto/sai-scout/commands/deck.go:64.74,66.5 1 1
github.com/dneto/sai-scout/commands/deck.go:76.29,84.5 3 1
github.com/dneto/sai-scout/commands/deck.go:107.34,113.4 2 0
github.com/dneto/sai-scout/commands/deck.go:122.41,124.38 2 1
github.com/dneto/sai-scout/commands/deck.go:128.2,129.82 2 1
github.com/dneto/sai-scout/commands/deck.go:124.38,126.3 1 1
github.com/dneto/sai-scout/commands/info.go:21.54,38.2 1 1
github.com/dneto/sai-scout/commands/info.go:40.138,41.109 1 1
github.com/dneto/sai-scout/commands/info.go:41.109,42.18 1 1
github.com/dneto/sai-scout/commands/info.go:144.3,144.18 1 0
github.com/dneto/sai-scout/commands/info.go:43.60,44.47 1 0
github.com/dneto/sai-scout/commands/info.go:45.48,51.18 4 1
github.com/dneto/sai-scout/commands/info.go:55.4,56.53 2 1
github.com/dneto/sai-scout/commands/info.go:66.4,68.48 2 1
github.com/dneto/sai-scout/commands/info.go:72.4,73.29 2 1
github.com/dneto/sai-scout/commands/info.go:134.4,141.10 2 1
github.com/dneto/sai-scout/commands/info.go:51.18,53.5 1 0
github.com/dneto/sai-scout/commands/info.go:56.53,58.34 2 1
github.com/dneto/sai-scout/commands/info.go:58.34,60.57 2 1
github.com/dneto/sai-scout/commands/info.go:60.57,62.7 1 1
github.com/dneto/sai-scout/commands/info.go:68.48,70.5 1 1
github.com/dneto/sai-scout/commands/info.go:73.29,78.26 2 1
github.com/dneto/sai-scout/commands/info.go:87.5,87.29 1 1
github.com/dneto/sai-scout/commands/info.go:93.5,93.31 1 1
github.com/dneto/sai-scout/commands/info.go:98.5,98.29 1 1
github.com/dneto/sai-scout/commands/info.go:103.5,103.39 1 1
github.com/dneto/sai-scout/commands/info.go:108.5,109.71 2 1
github.com/dneto/sai-scout/commands/info.go:113.5,117.37 3 1
github.com/dneto/sai-scout/commands/info.go:121.5,131.35 2 1
github.com/dneto/sai-scout/commands/info.go:78.26,85.6 2 1
github.com/dneto/sai-scout/commands/info.go:87.29,91.6 1 0
github.com/dneto/sai-scout/commands/info.go:93.31,96.6 1 1
github.com/dneto/sai-scout/commands/info.go:98.29,101.6 1 1
github.com/dneto/sai-scout/commands/info.go:103.39,106.6 1 0
github.com/dneto/sai-scout/commands/info.go:109.71,111.6 1 1
github.com/dneto/sai-scout/commands/info.go:117.37,119.6 1 1
github.com/dneto/sai-scout/commands/info.go:148.107,153.20 4 0
github.com/dneto/sai-scout/commands/info.go:157.2,157.60 1 0
github.com/dneto/sai-scout/commands/info.go:161.2,161.23 1 0
github.com/dneto/sai-scout/commands/info.go:165.2,166.28 2 0
github.com/dneto/sai-scout/commands/info.go:174.2,179.3 1 0
github.com/dneto/sai-scout/commands/info.go:153.20,155.3 1 0
github.com/dneto/sai-scout/commands/info.go:157.60,159.3 1 0
github.com/dneto/sai-scout/commands/info.go:161.23,163.3 1 0
github.com/dneto/sai-scout/commands/info.go:166.28,172.3 2 0
